20:34:49.747 [main] DEBUG org.apache.poi.openxml4j.opc.PackageRelationshipCollection - Parsing relationship: /xl/_rels/workbook.xml.rels
20:34:49.756 [main] DEBUG org.apache.poi.openxml4j.opc.PackageRelationshipCollection - Parsing relationship: /xl/worksheets/_rels/sheet1.xml.rels
20:34:49.756 [main] DEBUG org.apache.poi.openxml4j.opc.PackageRelationshipCollection - Parsing relationship: /_rels/.rels
20:34:49.796 [main] DEBUG org.apache.poi.openxml4j.opc.PackageRelationshipCollection - Parsing relationship: /xl/_rels/workbook.xml.rels
20:34:49.796 [main] DEBUG org.apache.poi.openxml4j.opc.PackageRelationshipCollection - Parsing relationship: /xl/worksheets/_rels/sheet1.xml.rels
20:34:49.803 [main] DEBUG org.apache.poi.openxml4j.opc.PackageRelationshipCollection - Parsing relationship: /_rels/.rels
20:34:49.836 [main] DEBUG org.apache.poi.openxml4j.opc.PackageRelationshipCollection - Parsing relationship: /xl/_rels/workbook.xml.rels
20:34:49.836 [main] DEBUG org.apache.poi.openxml4j.opc.PackageRelationshipCollection - Parsing relationship: /xl/worksheets/_rels/sheet1.xml.rels
20:34:49.844 [main] DEBUG org.apache.poi.openxml4j.opc.PackageRelationshipCollection - Parsing relationship: /_rels/.rels
20:34:49.877 [main] DEBUG org.apache.poi.openxml4j.opc.PackageRelationshipCollection - Parsing relationship: /xl/_rels/workbook.xml.rels
20:34:49.877 [main] DEBUG org.apache.poi.openxml4j.opc.PackageRelationshipCollection - Parsing relationship: /xl/worksheets/_rels/sheet1.xml.rels
20:34:49.877 [main] DEBUG org.apache.poi.openxml4j.opc.PackageRelationshipCollection - Parsing relationship: /_rels/.rels
20:34:49.918 [main] DEBUG org.apache.poi.openxml4j.opc.PackageRelationshipCollection - Parsing relationship: /xl/_rels/workbook.xml.rels
20:34:49.918 [main] DEBUG org.apache.poi.openxml4j.opc.PackageRelationshipCollection - Parsing relationship: /xl/worksheets/_rels/sheet1.xml.rels
20:34:49.918 [main] DEBUG org.apache.poi.openxml4j.opc.PackageRelationshipCollection - Parsing relationship: /_rels/.rels
20:34:49.967 [main] DEBUG org.apache.poi.openxml4j.opc.PackageRelationshipCollection - Parsing relationship: /xl/_rels/workbook.xml.rels
20:34:49.967 [main] DEBUG org.apache.poi.openxml4j.opc.PackageRelationshipCollection - Parsing relationship: /xl/worksheets/_rels/sheet1.xml.rels
20:34:49.967 [main] DEBUG org.apache.poi.openxml4j.opc.PackageRelationshipCollection - Parsing relationship: /_rels/.rels
20:34:50.036 [main] INFO  testCases.TC003_LoginDataDrivenTesting - ***** Starting TC003_LoginDataDrivenTesting *****
20:34:52.157 [main] INFO  testCases.TC003_LoginDataDrivenTesting - ***** Finished TC003_LoginDataDrivenTesting *****
20:34:52.178 [main] INFO  testCases.TC003_LoginDataDrivenTesting - ***** Starting TC003_LoginDataDrivenTesting *****
20:34:53.971 [main] INFO  testCases.TC003_LoginDataDrivenTesting - ***** Finished TC003_LoginDataDrivenTesting *****
20:34:53.977 [main] INFO  testCases.TC003_LoginDataDrivenTesting - ***** Starting TC003_LoginDataDrivenTesting *****
20:34:55.597 [main] INFO  testCases.TC003_LoginDataDrivenTesting - ***** Finished TC003_LoginDataDrivenTesting *****
20:34:55.601 [main] INFO  testCases.TC003_LoginDataDrivenTesting - ***** Starting TC003_LoginDataDrivenTesting *****
20:35:07.256 [main] INFO  testCases.TC003_LoginDataDrivenTesting - ***** Finished TC003_LoginDataDrivenTesting *****
20:35:07.256 [main] INFO  testCases.TC003_LoginDataDrivenTesting - ***** Starting TC003_LoginDataDrivenTesting *****
20:35:09.197 [main] INFO  testCases.TC003_LoginDataDrivenTesting - ***** Finished TC003_LoginDataDrivenTesting *****
20:35:09.204 [main] INFO  testCases.TC003_LoginDataDrivenTesting - ***** Starting TC003_LoginDataDrivenTesting *****
20:35:20.368 [main] INFO  testCases.TC003_LoginDataDrivenTesting - ***** Finished TC003_LoginDataDrivenTesting *****
