19:39:02.517 [main] DEBUG org.apache.poi.openxml4j.opc.PackageRelationshipCollection - Parsing relationship: /_rels/.rels
19:39:02.595 [main] INFO  testCases.TC003_LoginDataDrivenTesting - ***** Starting TC003_LoginDataDrivenTesting *****
19:39:05.509 [main] INFO  testCases.TC003_LoginDataDrivenTesting - ***** Finished TC003_LoginDataDrivenTesting *****
19:39:05.518 [main] INFO  testCases.TC003_LoginDataDrivenTesting - ***** Starting TC003_LoginDataDrivenTesting *****
19:39:17.123 [main] INFO  testCases.TC003_LoginDataDrivenTesting - ***** Finished TC003_LoginDataDrivenTesting *****
19:39:17.123 [main] INFO  testCases.TC003_LoginDataDrivenTesting - ***** Starting TC003_LoginDataDrivenTesting *****
19:39:28.791 [main] INFO  testCases.TC003_LoginDataDrivenTesting - ***** Finished TC003_LoginDataDrivenTesting *****
19:39:28.791 [main] INFO  testCases.TC003_LoginDataDrivenTesting - ***** Starting TC003_LoginDataDrivenTesting *****
19:39:41.074 [main] INFO  testCases.TC003_LoginDataDrivenTesting - ***** Finished TC003_LoginDataDrivenTesting *****
19:39:41.074 [main] INFO  testCases.TC003_LoginDataDrivenTesting - ***** Starting TC003_LoginDataDrivenTesting *****
19:39:43.392 [main] INFO  testCases.TC003_LoginDataDrivenTesting - ***** Finished TC003_LoginDataDrivenTesting *****
20:22:49.806 [main] DEBUG org.testng.TestNG - suiteXmlPath: "C:\Users\kiran\eclipse-workspace\OpencartV121\master.xml"
20:22:50.051 [main] INFO  org.testng.internal.Utils - [TestNG] Running:
  C:\Users\kiran\eclipse-workspace\OpencartV121\master.xml

20:22:54.038 [main] DEBUG org.apache.poi.openxml4j.opc.PackageRelationshipCollection - Parsing relationship: /xl/_rels/workbook.xml.rels
20:22:54.043 [main] DEBUG org.apache.poi.openxml4j.opc.PackageRelationshipCollection - Parsing relationship: /xl/worksheets/_rels/sheet1.xml.rels
20:22:54.046 [main] DEBUG org.apache.poi.openxml4j.opc.PackageRelationshipCollection - Parsing relationship: /_rels/.rels
20:22:54.516 [main] DEBUG org.apache.poi.openxml4j.opc.PackageRelationshipCollection - Parsing relationship: /xl/_rels/workbook.xml.rels
20:22:54.517 [main] DEBUG org.apache.poi.openxml4j.opc.PackageRelationshipCollection - Parsing relationship: /xl/worksheets/_rels/sheet1.xml.rels
20:22:54.519 [main] DEBUG org.apache.poi.openxml4j.opc.PackageRelationshipCollection - Parsing relationship: /_rels/.rels
20:22:54.544 [main] DEBUG org.apache.poi.openxml4j.opc.PackageRelationshipCollection - Parsing relationship: /xl/_rels/workbook.xml.rels
20:22:54.545 [main] DEBUG org.apache.poi.openxml4j.opc.PackageRelationshipCollection - Parsing relationship: /xl/worksheets/_rels/sheet1.xml.rels
20:22:54.545 [main] DEBUG org.apache.poi.openxml4j.opc.PackageRelationshipCollection - Parsing relationship: /_rels/.rels
20:22:54.575 [main] DEBUG org.apache.poi.openxml4j.opc.PackageRelationshipCollection - Parsing relationship: /xl/_rels/workbook.xml.rels
20:22:54.576 [main] DEBUG org.apache.poi.openxml4j.opc.PackageRelationshipCollection - Parsing relationship: /xl/worksheets/_rels/sheet1.xml.rels
20:22:54.577 [main] DEBUG org.apache.poi.openxml4j.opc.PackageRelationshipCollection - Parsing relationship: /_rels/.rels
20:22:54.595 [main] DEBUG org.apache.poi.openxml4j.opc.PackageRelationshipCollection - Parsing relationship: /xl/_rels/workbook.xml.rels
20:22:54.596 [main] DEBUG org.apache.poi.openxml4j.opc.PackageRelationshipCollection - Parsing relationship: /xl/worksheets/_rels/sheet1.xml.rels
20:22:54.597 [main] DEBUG org.apache.poi.openxml4j.opc.PackageRelationshipCollection - Parsing relationship: /_rels/.rels
20:22:54.618 [main] DEBUG org.apache.poi.openxml4j.opc.PackageRelationshipCollection - Parsing relationship: /xl/_rels/workbook.xml.rels
20:22:54.619 [main] DEBUG org.apache.poi.openxml4j.opc.PackageRelationshipCollection - Parsing relationship: /xl/worksheets/_rels/sheet1.xml.rels
20:22:54.619 [main] DEBUG org.apache.poi.openxml4j.opc.PackageRelationshipCollection - Parsing relationship: /_rels/.rels
20:22:54.636 [main] DEBUG org.apache.poi.openxml4j.opc.PackageRelationshipCollection - Parsing relationship: /xl/_rels/workbook.xml.rels
20:22:54.637 [main] DEBUG org.apache.poi.openxml4j.opc.PackageRelationshipCollection - Parsing relationship: /xl/worksheets/_rels/sheet1.xml.rels
20:22:54.638 [main] DEBUG org.apache.poi.openxml4j.opc.PackageRelationshipCollection - Parsing relationship: /_rels/.rels
20:22:54.661 [main] DEBUG org.apache.poi.openxml4j.opc.PackageRelationshipCollection - Parsing relationship: /xl/_rels/workbook.xml.rels
20:22:54.662 [main] DEBUG org.apache.poi.openxml4j.opc.PackageRelationshipCollection - Parsing relationship: /xl/worksheets/_rels/sheet1.xml.rels
20:22:54.662 [main] DEBUG org.apache.poi.openxml4j.opc.PackageRelationshipCollection - Parsing relationship: /_rels/.rels
20:22:54.680 [main] DEBUG org.apache.poi.openxml4j.opc.PackageRelationshipCollection - Parsing relationship: /xl/_rels/workbook.xml.rels
20:22:54.681 [main] DEBUG org.apache.poi.openxml4j.opc.PackageRelationshipCollection - Parsing relationship: /xl/worksheets/_rels/sheet1.xml.rels
